[debug] [2023-08-14T09:08:19.480Z] ----------------------------------------------------------------------
[debug] [2023-08-14T09:08:19.482Z] Command:       /Users/ebpearls/.nvm/versions/node/v17.9.1/bin/node /Users/ebpearls/homebrew/bin/firebase init
[debug] [2023-08-14T09:08:19.482Z] CLI Version:   12.4.4
[debug] [2023-08-14T09:08:19.482Z] Platform:      darwin
[debug] [2023-08-14T09:08:19.483Z] Node Version:  v17.9.1
[debug] [2023-08-14T09:08:19.484Z] Time:          Mon Aug 14 2023 14:53:19 GMT+0545 (Nepal Time)
[debug] [2023-08-14T09:08:19.484Z] ----------------------------------------------------------------------
[debug] 
[debug] [2023-08-14T09:08:19.488Z] > command requires scopes: ["email","openid","https://www.googleapis.com/auth/cloudplatformprojects.readonly","https://www.googleapis.com/auth/firebase","https://www.googleapis.com/auth/cloud-platform"]
[debug] [2023-08-14T09:08:19.489Z] > authorizing via signed-in user (lamsalprabin74@gmail.com)
[info] 
     ######## #### ########  ######## ########     ###     ######  ########
     ##        ##  ##     ## ##       ##     ##  ##   ##  ##       ##
     ######    ##  ########  ######   ########  #########  ######  ######
     ##        ##  ##    ##  ##       ##     ## ##     ##       ## ##
     ##       #### ##     ## ######## ########  ##     ##  ######  ########

You're about to initialize a Firebase project in this directory:

  /Users/ebpearls/Documents/Backend/Frontend/React-Portfolio-Site

[info] 
=== Project Setup
[info] 
[info] First, let's associate this project directory with a Firebase project.
[info] You can create multiple project aliases by running firebase use --add, 
[info] but for now we'll just set up a default project.
[info] 
[info] i  If you want to create a project in a Google Cloud organization or folder, please use "firebase projects:create" instead, and return to this command when you've created the project. 
[debug] [2023-08-14T09:08:58.267Z] >>> [apiv2][query] POST https://cloudresourcemanager.googleapis.com/v1/projects [none]
[debug] [2023-08-14T09:08:58.268Z] >>> [apiv2][body] POST https://cloudresourcemanager.googleapis.com/v1/projects {"projectId":"prabinBlogBackend","name":"prabinBlogBackend"}
[debug] [2023-08-14T09:08:59.969Z] <<< [apiv2][status] POST https://cloudresourcemanager.googleapis.com/v1/projects 400
[debug] [2023-08-14T09:08:59.969Z] <<< [apiv2][body] POST https://cloudresourcemanager.googleapis.com/v1/projects {"error":{"code":400,"message":"field [project_id] has issue [project_id contains invalid characters]","status":"INVALID_ARGUMENT","details":[{"@type":"type.googleapis.com/google.rpc.BadRequest","fieldViolations":[{"field":"project_id","description":"project_id contains invalid characters"}]},{"@type":"type.googleapis.com/google.rpc.Help","links":[{"url":"https://cloud.google.com/resource-manager/reference/rest/v1/projects"}]}]}}
[debug] [2023-08-14T09:09:00.186Z] FirebaseError: HTTP Error: 400, field [project_id] has issue [project_id contains invalid characters]
    at responseToError (/Users/ebpearls/homebrew/lib/node_modules/firebase-tools/lib/responseToError.js:49:12)
    at RetryOperation._fn (/Users/ebpearls/homebrew/lib/node_modules/firebase-tools/lib/apiv2.js:289:77)
    at processTicksAndRejections (node:internal/process/task_queues:96:5)
[error] 
[error] Error: Failed to create project. See firebase-debug.log for more info.
